writeCommonTags: couldn't write 'year' tag to 'Pyrokinesis Ад Пуст, Все Бесы Здесь.mp4' as it's not a positive integer
writeCommonTags: couldn't write 'track' tag to 'Pyrokinesis Ад Пуст, Все Бесы Здесь.mp4' as it's not a positive integer
writeCommonTags: couldn't write 'year' tag to 'Pyrokinesis Днями-Ночами Ft Мукка.mp4' as it's not a positive integer
writeCommonTags: couldn't write 'track' tag to 'Pyrokinesis Днями-Ночами Ft Мукка.mp4' as it's not a positive integer
writeCommonTags: couldn't write 'year' tag to 'Pyrokinesis Я Приду К Тебе С Клубникой В Декабре.mp4' as it's not a positive integer
writeCommonTags: couldn't write 'track' tag to 'Pyrokinesis Я Приду К Тебе С Клубникой В Декабре.mp4' as it's not a positive integer
writeCommonTags: couldn't write 'year' tag to 'Pyrokinesis Днями-Ночами Ft Мукка.mp4' as it's not a positive integer
writeCommonTags: couldn't write 'track' tag to 'Pyrokinesis Днями-Ночами Ft Мукка.mp4' as it's not a positive integer
writeCommonTags: couldn't write 'year' tag to 'Pyrokinesis Я Приду К Тебе С Клубникой В Декабре.mp4' as it's not a positive integer
writeCommonTags: couldn't write 'track' tag to 'Pyrokinesis Я Приду К Тебе С Клубникой В Декабре.mp4' as it's not a positive integer
writeCommonTags: couldn't write 'year' tag to 'Электрофорез Фотограф (Feat. Superkomfort).mp4' as it's not a positive integer
writeCommonTags: couldn't write 'track' tag to 'Электрофорез Фотограф (Feat. Superkomfort).mp4' as it's not a positive integer
TagLib: Could not open file /home/omni/Music/Vladimir_Klyavin_-_Plany_(Bib.fm).mp3
TagLib: Could not open file /home/omni/Music/Vladimir_Klyavin_-_Plany_(Bib.fm).mp3
TagLib: Could not open file /home/omni/Music/Vladimir_Klyavin_-_Plany_(Bib.fm).mp3
TagLib: Could not open file /home/omni/Music/Vladimir_Klyavin_-_Plany_(Bib.fm).mp3
TagLib: Could not open file /home/omni/Music/Vladimir_Klyavin_-_Voenkom_(Bib.fm).mp3
TagLib: Could not open file /home/omni/Music/Vladimir_Klyavin_-_Voenkom_(Bib.fm).mp3
TagLib: Could not open file /home/omni/Music/Vladimir_Klyavin_-_Voenkom_(Bib.fm).mp3
writeCommonTags: couldn't write 'track' tag to 'Бриллианты - ЛСП.m4a' as it's not a positive integer
writeCommonTags: couldn't write 'year' tag to 'Электрофорез Фотограф (Feat. Superkomfort).mp4' as it's not a positive integer
writeCommonTags: couldn't write 'track' tag to 'Электрофорез Фотограф (Feat. Superkomfort).mp4' as it's not a positive integer
writeCommonTags: couldn't write 'year' tag to 'Я Приду К Тебе С Клубникой В Декабре.mp4' as it's not a positive integer
writeCommonTags: couldn't write 'track' tag to 'Я Приду К Тебе С Клубникой В Декабре.mp4' as it's not a positive integer
TagLib: Could not open file /home/omni/Music/RAM_-_Betonnaya_savanna_(SkySound.cc).mp3
